Arguments: 
  D:\Program Files\nodejs\node.exe C:\Users\莫颜黎西丶\AppData\Roaming\npm\node_modules\yarn\bin\yarn.js add webapck webapck-cli webpack-dev-server

PATH: 
  D:\app\Saltroy\product\11.2.0\dbhome_1\bin;C:\ProgramData\DockerDesktop\version-bin;C:\Program Files\Docker\Docker\Resources\bin;C:\ProgramData\Oracle\Java\javapath;"C:\Program Files (x86)\Common Files\Oracle\Java\javapath;";C:\WINDOWS\system32;C:\WINDOWS;C:\WINDOWS\System32\Wbem;C:\WINDOWS\System32\WindowsPowerShell\v1.0\;C:\WINDOWS\System32\OpenSSH\;D;\sql\110\Tools\Binn\;C;\Program Files (x86)\Microsoft Visual Studio 10.0\Common7\IDE\PrivateAssemblies\;%;AVA_HOME%\bin;D:\Program Files\nodejs\;C:\Program Files\Git\cmd;D:\Python;C:\Users\莫颜黎西丶\AppData\Local\Yarn\bin;D:\Python\Scripts\;D:\Python\;C:\Users\莫颜黎西丶\AppData\Local\Microsoft\WindowsApps;C:\Users\莫颜黎西丶\AppData\Local\Programs\Microsoft VS Code\bin;C:\Users\莫颜黎西丶\AppData\Roaming\npm;C:\Users\莫颜黎西丶\AppData\Local\Yarn\bin;D:\Go\bin;

Yarn version: 
  1.19.1

Node version: 
  10.16.3

Platform: 
  win32 x64

Trace: 
  Error: https://registry.npmjs.org/webapck: Not found
      at Request.params.callback [as _callback] (C:\Users\莫颜黎西丶\AppData\Roaming\npm\node_modules\yarn\lib\cli.js:66926:18)
      at Request.self.callback (C:\Users\莫颜黎西丶\AppData\Roaming\npm\node_modules\yarn\lib\cli.js:140564:22)
      at Request.emit (events.js:198:13)
      at Request.<anonymous> (C:\Users\莫颜黎西丶\AppData\Roaming\npm\node_modules\yarn\lib\cli.js:141536:10)
      at Request.emit (events.js:198:13)
      at IncomingMessage.<anonymous> (C:\Users\莫颜黎西丶\AppData\Roaming\npm\node_modules\yarn\lib\cli.js:141458:12)
      at Object.onceWrapper (events.js:286:20)
      at IncomingMessage.emit (events.js:203:15)
      at endReadableNT (_stream_readable.js:1145:12)
      at process._tickCallback (internal/process/next_tick.js:63:19)

npm manifest: 
  {
    "name": "react_ts",
    "version": "1.0.0",
    "description": "",
    "main": "index.js",
    "scripts": {
      "test": "echo \"Error: no test specified\" && exit 1"
    },
    "keywords": [],
    "author": "",
    "license": "ISC"
  }

yarn manifest: 
  No manifest

Lockfile: 
  No lockfile
